2020-03-01T06:22:47.775Z /
2020-03-01T09:47:32.099Z /about-us.html
2020-03-01T12:33:56.067Z /favicon.ico
2020-03-01T19:47:36.955Z /favicon.ico
2020-03-02T13:44:45.037Z /
2020-03-03T03:55:22.061Z /
2020-03-03T10:25:00.596Z /portfolios
2020-03-03T11:07:31.691Z /faq
2020-03-03T12:34:34.005Z /about-us.html
2020-03-03T23:47:41.755Z /
2020-03-04T03:14:06.245Z /faq
2020-03-04T04:06:08.551Z /favicon.ico
2020-03-04T05:51:55.410Z /portfolio
2020-03-04T06:42:08.143Z /
2020-03-04T22:13:28.404Z /faq
2020-03-04T23:04:51.237Z /
2020-03-04T23:30:33.081Z /portfolio
2020-03-06T22:04:14.682Z /
2020-03-06T23:33:02.885Z /history.html
2020-03-07T09:48:19.423Z /favicon.ico
2020-03-08T21:04:16.509Z /
2020-03-09T04:08:22.226Z /
2020-03-09T10:49:36.153Z /
2020-03-09T23:09:31.924Z /faq
2020-03-09T23:12:38.318Z /
2020-03-10T02:12:37.810Z /
2020-03-10T02:56:24.612Z /about-us.html
2020-03-10T06:42:13.492Z /portfolio
2020-03-10T10:51:21.381Z /
2020-03-12T03:56:55.364Z /favicon.ico
2020-03-12T05:57:24.406Z /
2020-03-12T06:03:52.322Z /
2020-03-12T14:06:34.458Z /
2020-03-12T17:51:27.697Z /
2020-03-12T20:03:23.797Z /
2020-03-12T23:33:11.482Z /about-us.html
2020-03-13T01:48:55.494Z /
2020-03-13T01:54:53.321Z /
2020-03-13T13:37:24.172Z /
2020-03-13T14:27:07.461Z /
2020-03-13T15:32:15.531Z /
2020-03-13T22:45:17.552Z /
2020-03-13T23:36:35.211Z /favicon.ico
2020-03-14T03:24:37.530Z /portfolio
2020-03-14T14:18:28.677Z /faq
2020-03-14T15:41:46.605Z /
2020-03-14T15:53:18.918Z /
2020-03-15T02:57:58.282Z /
2020-03-15T04:14:33.486Z /
2020-03-15T11:56:06.190Z /
2020-03-15T21:02:56.480Z /
2020-03-16T01:38:35.583Z /
2020-03-16T06:34:58.406Z /
2020-03-16T17:08:36.566Z /favicon.ico
2020-03-16T18:01:39.877Z /location
2020-03-17T14:37:23.488Z /
2020-03-17T16:04:03.367Z /
2020-03-17T17:51:23.241Z /
2020-03-18T05:20:47.780Z /
2020-03-18T09:38:25.834Z /portfolio
2020-03-18T17:37:33.971Z /
2020-03-18T19:43:16.924Z /faq
2020-03-19T14:36:32.427Z /videos
2020-03-19T21:03:13.221Z /
2020-03-20T04:52:10.177Z /favicon.ico
2020-03-20T09:24:06.584Z /
2020-03-20T20:09:03.270Z /about-us
2020-03-20T20:27:40.360Z /
2020-03-21T10:34:01.074Z /
2020-03-21T15:01:35.947Z /about-us
2020-03-21T16:47:25.649Z /
2020-03-21T18:56:38.884Z /
2020-03-22T06:11:31.105Z /
2020-03-22T10:23:32.630Z /videos
2020-03-22T15:36:11.601Z /portfolio
2020-03-22T21:27:33.331Z /
2020-03-23T00:11:23.019Z /
2020-03-23T03:11:36.058Z /
2020-03-23T13:43:16.011Z /
2020-03-23T15:11:24.568Z /location
2020-03-23T19:05:31.830Z /about-us
2020-03-24T01:05:23.062Z /
2020-03-24T06:00:23.622Z /favicon.ico
2020-03-24T06:25:43.780Z /
2020-03-24T23:25:17.910Z /faq
2020-03-25T08:02:29.989Z /
2020-03-25T13:07:10.520Z /
2020-03-25T13:59:15.858Z /location
2020-03-25T20:18:46.617Z /
2020-03-27T06:28:00.909Z /portfolio
2020-03-27T10:41:28.941Z /favicon.ico
2020-03-27T18:34:58.456Z /
2020-03-28T16:33:00.451Z /about-us.html
2020-03-29T05:09:13.151Z /
2020-03-29T05:35:32.719Z /
2020-03-29T06:59:24.105Z /
2020-03-29T20:29:44.613Z /
2020-03-30T06:49:50.430Z /videos
2020-03-30T11:02:31.883Z /
2020-03-30T13:56:07.034Z /
